\BOOKMARK [0][-]{chapter*.1}{Agradecimentos}{}% 1
\BOOKMARK [0][-]{chapter*.1}{Resumo}{}% 2
\BOOKMARK [0][-]{chapter*.1}{Abstract}{}% 3
\BOOKMARK [0][-]{chapter*.1}{Lista de Figuras}{}% 4
\BOOKMARK [0][-]{chapter*.2}{Lista de Tabelas}{}% 5
\BOOKMARK [0][-]{chapter*.3}{Lista de C\363digos}{}% 6
\BOOKMARK [0][-]{chapter*.5}{Lista de Abreviaturas e Siglas}{}% 7
\BOOKMARK [0][-]{chapter.1}{Introdu\347\343o}{}% 8
\BOOKMARK [1][-]{section.1.1}{Defini\347\343o formal do problema}{chapter.1}% 9
\BOOKMARK [0][-]{chapter.2}{Revis\343o da literatura}{}% 10
\BOOKMARK [1][-]{section.2.1}{Hern\341ndez-P\351rez e Salazar-Gonz\341lez, 2004}{chapter.2}% 11
\BOOKMARK [1][-]{section.2.2}{Hern\341ndez-P\351rez, Salazar-Gonz\341lez, Rodr\355gues-Mart\355n, 2008}{chapter.2}% 12
\BOOKMARK [1][-]{section.2.3}{Chemla, Meunier, Calvo, 2013}{chapter.2}% 13
\BOOKMARK [1][-]{section.2.4}{Paes, Subramanian, Ochi, 2010}{chapter.2}% 14
\BOOKMARK [1][-]{section.2.5}{Cruz, Subramanian, Bruck, Iori, 2016}{chapter.2}% 15
\BOOKMARK [1][-]{section.2.6}{Cruz, Subramanian, Bruck, Iori, 2016}{chapter.2}% 16
\BOOKMARK [1][-]{section.2.7}{Bulh\365es, Subramanian, Erdogan, Laporte, 2016}{chapter.2}% 17
\BOOKMARK [0][-]{chapter.3}{Defini\347\343o do algoritmo base de compara\347\343o}{}% 18
\BOOKMARK [0][-]{chapter.4}{Auxiliary Data Structures}{}% 19
\BOOKMARK [1][-]{section.4.1}{Defini\347\343o das ADSs}{chapter.4}% 20
\BOOKMARK [1][-]{section.4.2}{Construindo as ADSs}{chapter.4}% 21
\BOOKMARK [0][-]{chapter.5}{Estruturas de vizinhan\347a}{}% 22
\BOOKMARK [1][-]{section.5.1}{Vizinhan\347as da busca local}{chapter.5}% 23
\BOOKMARK [2][-]{subsection.5.1.1}{2-OPT}{section.5.1}% 24
\BOOKMARK [2][-]{subsection.5.1.2}{Swap}{section.5.1}% 25
\BOOKMARK [2][-]{subsection.5.1.3}{or-OPT-k}{section.5.1}% 26
\BOOKMARK [2][-]{subsection.5.1.4}{Split}{section.5.1}% 27
\BOOKMARK [1][-]{section.5.2}{Vizinhan\347as de perturba\347\343o}{chapter.5}% 28
\BOOKMARK [2][-]{subsection.5.2.1}{Split-p}{section.5.2}% 29
\BOOKMARK [2][-]{subsection.5.2.2}{Double Bridge}{section.5.2}% 30
\BOOKMARK [0][-]{chapter.6}{Proposta de algoritmo para o problema}{}% 31
\BOOKMARK [1][-]{section.6.1}{A Busca Tabu}{chapter.6}% 32
\BOOKMARK [1][-]{section.6.2}{Bitmap}{chapter.6}% 33
\BOOKMARK [1][-]{section.6.3}{Regras tabu para cada vizinhan\347a}{chapter.6}% 34
\BOOKMARK [2][-]{subsection.6.3.1}{2-OPT}{section.6.3}% 35
\BOOKMARK [2][-]{subsection.6.3.2}{Swap}{section.6.3}% 36
\BOOKMARK [2][-]{subsection.6.3.3}{or-OPT-k}{section.6.3}% 37
\BOOKMARK [2][-]{subsection.6.3.4}{Split}{section.6.3}% 38
\BOOKMARK [1][-]{section.6.4}{Representando a lista tabu}{chapter.6}% 39
\BOOKMARK [1][-]{section.6.5}{O algoritmo}{chapter.6}% 40
\BOOKMARK [0][-]{chapter.7}{Resultados}{}% 41
\BOOKMARK [0][-]{table.7.2}{Refer\352ncias}{}% 42
